{"D:\\dedisalam\\fullstack\\frontend\\apps\\web\\src\\app\\app.component.ts": {"path":"D:\\dedisalam\\fullstack\\frontend\\apps\\web\\src\\app\\app.component.ts","statementMap":{"0":{"start":{"line":1,"column":0},"end":{"line":1,"column":83}},"1":{"start":{"line":2,"column":0},"end":{"line":2,"column":47}},"2":{"start":{"line":3,"column":0},"end":{"line":3,"column":43}},"3":{"start":{"line":12,"column":7},"end":{"line":35,"column":null}},"4":{"start":{"line":13,"column":20},"end":{"line":13,"column":39}},"5":{"start":{"line":16,"column":4},"end":{"line":33,"column":7}},"6":{"start":{"line":12,"column":13},"end":{"line":12,"column":25}},"7":{"start":{"line":12,"column":13},"end":{"line":35,"column":null}}},"fnMap":{"0":{"name":"(anonymous_0)","decl":{"start":{"line":15,"column":2},"end":{"line":15,"column":10}},"loc":{"start":{"line":15,"column":10},"end":{"line":34,"column":3}}}},"branchMap":{},"s":{"0":1,"1":1,"2":1,"3":1,"4":2,"5":1,"6":1,"7":1},"f":{"0":1},"b":{}}
}
