<?xml version="1.0" encoding="UTF-8"?>
<coverage generated="1788571186281" clover="3.2.0">
  <project timestamp="1788571186282" name="All files">
    <metrics statements="30" coveredstatements="19" conditionals="8" coveredconditionals="3" methods="5" coveredmethods="2" elements="43" coveredelements="24" complexity="0" loc="30" ncloc="30" packages="3" files="4" classes="4"/>
    <package name="app">
      <metrics statements="13" coveredstatements="7" conditionals="2" coveredconditionals="0" methods="1" coveredmethods="0"/>
      <file name="app.component.html" path="D:\dedisalam\fullstack\frontend\apps\desktop\src\app\app.component.html">
        <metrics statements="1" coveredstatements="1" conditionals="0" coveredconditionals="0" methods="0" coveredmethods="0"/>
        <line num="1" count="1" type="stmt"/>
      </file>
      <file name="app.component.ts" path="D:\dedisalam\fullstack\frontend\apps\desktop\src\app\app.component.ts">
        <metrics statements="12" coveredstatements="6" conditionals="2" coveredconditionals="0" methods="1" coveredmethods="0"/>
        <line num="1" count="1" type="stmt"/>
        <line num="2" count="1" type="stmt"/>
        <line num="3" count="1" type="stmt"/>
        <line num="12" count="1" type="stmt"/>
        <line num="13" count="1" type="stmt"/>
        <line num="14" count="1" type="stmt"/>
        <line num="17" count="0" type="stmt"/>
        <line num="18" count="0" type="cond" truecount="0" falsecount="2"/>
        <line num="19" count="0" type="stmt"/>
        <line num="20" count="0" type="stmt"/>
        <line num="21" count="0" type="stmt"/>
        <line num="23" count="0" type="stmt"/>
      </file>
    </package>
    <package name="app.desktop.guards">
      <metrics statements="8" coveredstatements="8" conditionals="2" coveredconditionals="2" methods="1" coveredmethods="1"/>
      <file name="electron.guard.ts" path="D:\dedisalam\fullstack\frontend\apps\desktop\src\app\desktop\guards\electron.guard.ts">
        <metrics statements="8" coveredstatements="8" conditionals="2" coveredconditionals="2" methods="1" coveredmethods="1"/>
        <line num="1" count="1" type="stmt"/>
        <line num="3" count="1" type="stmt"/>
        <line num="5" count="1" type="stmt"/>
        <line num="6" count="2" type="stmt"/>
        <line num="8" count="2" type="cond" truecount="2" falsecount="0"/>
        <line num="9" count="1" type="stmt"/>
        <line num="12" count="1" type="stmt"/>
        <line num="15" count="1" type="stmt"/>
      </file>
    </package>
    <package name="app.desktop.services">
      <metrics statements="9" coveredstatements="4" conditionals="4" coveredconditionals="1" methods="3" coveredmethods="1"/>
      <file name="electron.service.ts" path="D:\dedisalam\fullstack\frontend\apps\desktop\src\app\desktop\services\electron.service.ts">
        <metrics statements="9" coveredstatements="4" conditionals="4" coveredconditionals="1" methods="3" coveredmethods="1"/>
        <line num="1" count="2" type="stmt"/>
        <line num="16" count="2" type="stmt"/>
        <line num="20" count="1" type="cond" truecount="1" falsecount="1"/>
        <line num="21" count="0" type="stmt"/>
        <line num="23" count="1" type="stmt"/>
        <line num="28" count="0" type="stmt"/>
        <line num="32" count="0" type="cond" truecount="0" falsecount="2"/>
        <line num="33" count="0" type="stmt"/>
        <line num="35" count="0" type="stmt"/>
      </file>
    </package>
  </project>
</coverage>
