{"D:\\dedisalam\\fullstack\\frontend\\apps\\desktop\\src\\app\\app.component.html": {"path":"D:\\dedisalam\\fullstack\\frontend\\apps\\desktop\\src\\app\\app.component.html","statementMap":{"0":{"start":{"line":1,"column":0},"end":{"line":1,"column":50}}},"fnMap":{},"branchMap":{},"s":{"0":1},"f":{},"b":{},"_coverageSchema":"1a1c01bbd47fc00a2c39e90264f33305004495a9","hash":"fa60ed0d195688661309b1c5101137423df0daf1"}
,"D:\\dedisalam\\fullstack\\frontend\\apps\\desktop\\src\\app\\app.component.ts": {"path":"D:\\dedisalam\\fullstack\\frontend\\apps\\desktop\\src\\app\\app.component.ts","statementMap":{"0":{"start":{"line":1,"column":0},"end":{"line":1,"column":83}},"1":{"start":{"line":2,"column":0},"end":{"line":2,"column":47}},"2":{"start":{"line":3,"column":0},"end":{"line":3,"column":70}},"3":{"start":{"line":12,"column":7},"end":{"line":27,"column":null}},"4":{"start":{"line":13,"column":20},"end":{"line":13,"column":29}},"5":{"start":{"line":14,"column":28},"end":{"line":14,"column":51}},"6":{"start":{"line":17,"column":4},"end":{"line":17,"column":80}},"7":{"start":{"line":18,"column":4},"end":{"line":25,"column":5}},"8":{"start":{"line":19,"column":6},"end":{"line":24,"column":7}},"9":{"start":{"line":20,"column":20},"end":{"line":20,"column":93}},"10":{"start":{"line":21,"column":8},"end":{"line":21,"column":69}},"11":{"start":{"line":23,"column":8},"end":{"line":23,"column":75}},"12":{"start":{"line":12,"column":13},"end":{"line":12,"column":25}},"13":{"start":{"line":12,"column":13},"end":{"line":27,"column":null}}},"fnMap":{"0":{"name":"(anonymous_0)","decl":{"start":{"line":16,"column":2},"end":{"line":16,"column":7}},"loc":{"start":{"line":16,"column":16},"end":{"line":26,"column":3}}}},"branchMap":{"0":{"loc":{"start":{"line":18,"column":4},"end":{"line":25,"column":5}},"type":"if","locations":[{"start":{"line":18,"column":4},"end":{"line":25,"column":5}},{"start":{},"end":{}}]}},"s":{"0":1,"1":1,"2":1,"3":1,"4":1,"5":1,"6":0,"7":0,"8":0,"9":0,"10":0,"11":0,"12":1,"13":1},"f":{"0":0},"b":{"0":[0,0]}}
,"D:\\dedisalam\\fullstack\\frontend\\apps\\desktop\\src\\app\\desktop\\guards\\electron.guard.ts": {"path":"D:\\dedisalam\\fullstack\\frontend\\apps\\desktop\\src\\app\\desktop\\guards\\electron.guard.ts","statementMap":{"0":{"start":{"line":1,"column":0},"end":{"line":1,"column":39}},"1":{"start":{"line":3,"column":0},"end":{"line":3,"column":63}},"2":{"start":{"line":5,"column":44},"end":{"line":16,"column":1}},"3":{"start":{"line":6,"column":26},"end":{"line":6,"column":49}},"4":{"start":{"line":8,"column":2},"end":{"line":10,"column":3}},"5":{"start":{"line":9,"column":4},"end":{"line":9,"column":16}},"6":{"start":{"line":12,"column":2},"end":{"line":14,"column":4}},"7":{"start":{"line":15,"column":2},"end":{"line":15,"column":14}},"8":{"start":{"line":5,"column":13},"end":{"line":5,"column":44}}},"fnMap":{"0":{"name":"(anonymous_0)","decl":{"start":{"line":5,"column":44},"end":{"line":5,"column":47}},"loc":{"start":{"line":5,"column":49},"end":{"line":16,"column":1}}}},"branchMap":{"0":{"loc":{"start":{"line":8,"column":2},"end":{"line":10,"column":3}},"type":"if","locations":[{"start":{"line":8,"column":2},"end":{"line":10,"column":3}},{"start":{},"end":{}}]}},"s":{"0":1,"1":1,"2":1,"3":2,"4":2,"5":1,"6":1,"7":1,"8":1},"f":{"0":2},"b":{"0":[1,1]}}
,"D:\\dedisalam\\fullstack\\frontend\\apps\\desktop\\src\\app\\desktop\\services\\electron.service.ts": {"path":"D:\\dedisalam\\fullstack\\frontend\\apps\\desktop\\src\\app\\desktop\\services\\electron.service.ts","statementMap":{"0":{"start":{"line":1,"column":0},"end":{"line":1,"column":43}},"1":{"start":{"line":20,"column":4},"end":{"line":24,"column":5}},"2":{"start":{"line":21,"column":6},"end":{"line":21,"column":44}},"3":{"start":{"line":23,"column":6},"end":{"line":23,"column":98}},"4":{"start":{"line":28,"column":4},"end":{"line":28,"column":30}},"5":{"start":{"line":32,"column":4},"end":{"line":34,"column":5}},"6":{"start":{"line":33,"column":6},"end":{"line":33,"column":57}},"7":{"start":{"line":35,"column":4},"end":{"line":35,"column":54}},"8":{"start":{"line":16,"column":13},"end":{"line":16,"column":28}},"9":{"start":{"line":16,"column":13},"end":{"line":37,"column":null}}},"fnMap":{"0":{"name":"(anonymous_0)","decl":{"start":{"line":19,"column":2},"end":{"line":19,"column":null}},"loc":{"start":{"line":19,"column":2},"end":{"line":25,"column":3}}},"1":{"name":"(anonymous_1)","decl":{"start":{"line":27,"column":2},"end":{"line":27,"column":6}},"loc":{"start":{"line":27,"column":16},"end":{"line":29,"column":3}}},"2":{"name":"(anonymous_2)","decl":{"start":{"line":31,"column":2},"end":{"line":31,"column":7}},"loc":{"start":{"line":31,"column":35},"end":{"line":36,"column":3}}}},"branchMap":{"0":{"loc":{"start":{"line":20,"column":4},"end":{"line":24,"column":5}},"type":"if","locations":[{"start":{"line":20,"column":4},"end":{"line":24,"column":5}},{"start":{"line":22,"column":11},"end":{"line":24,"column":5}}]},"1":{"loc":{"start":{"line":32,"column":4},"end":{"line":34,"column":5}},"type":"if","locations":[{"start":{"line":32,"column":4},"end":{"line":34,"column":5}},{"start":{},"end":{}}]}},"s":{"0":2,"1":1,"2":0,"3":1,"4":0,"5":0,"6":0,"7":0,"8":2,"9":2},"f":{"0":1,"1":0,"2":0},"b":{"0":[0,1],"1":[0,0]}}
}
